2011-01-08 11:22:55 Warning: Warning (512): <span style="color:Red;text-align:left"><b>SQL Error:</b> 1048: Column 'product_name' cannot be null</span> in [/Users/kenwheeler/Sites/lookbook/webapp/cake/libs/model/datasources/dbo_source.php, line 684]
2011-01-08 11:24:53 Warning: Warning (512): <span style="color:Red;text-align:left"><b>SQL Error:</b> 1048: Column 'product_name' cannot be null</span> in [/Users/kenwheeler/Sites/lookbook/webapp/cake/libs/model/datasources/dbo_source.php, line 684]
2011-01-08 11:33:23 Warning: Warning (512): <span style="color:Red;text-align:left"><b>SQL Error:</b> 1048: Column 'product_name' cannot be null</span> in [/Users/kenwheeler/Sites/lookbook/webapp/cake/libs/model/datasources/dbo_source.php, line 684]
2011-01-08 11:34:49 Warning: Warning (512): <span style="color:Red;text-align:left"><b>SQL Error:</b> 1048: Column 'product_price' cannot be null</span> in [/Users/kenwheeler/Sites/lookbook/webapp/cake/libs/model/datasources/dbo_source.php, line 684]
2011-01-08 11:36:11 Warning: Warning (512): <span style="color:Red;text-align:left"><b>SQL Error:</b> 1048: Column 'product_name' cannot be null</span> in [/Users/kenwheeler/Sites/lookbook/webapp/cake/libs/model/datasources/dbo_source.php, line 684]
2011-01-08 11:38:51 Warning: Warning (512): <span style="color:Red;text-align:left"><b>SQL Error:</b> 1048: Column 'product_name' cannot be null</span> in [/Users/kenwheeler/Sites/lookbook/webapp/cake/libs/model/datasources/dbo_source.php, line 684]
2011-01-08 11:51:44 Warning: Warning (512): <span style="color:Red;text-align:left"><b>SQL Error:</b> 1048: Column 'product_name' cannot be null</span> in [/Users/kenwheeler/Sites/lookbook/webapp/cake/libs/model/datasources/dbo_source.php, line 684]
2011-01-08 11:52:49 Warning: Warning (512): <span style="color:Red;text-align:left"><b>SQL Error:</b> 1048: Column 'product_name' cannot be null</span> in [/Users/kenwheeler/Sites/lookbook/webapp/cake/libs/model/datasources/dbo_source.php, line 684]
2011-01-08 11:55:59 Warning: Warning (512): <span style="color:Red;text-align:left"><b>SQL Error:</b> 1048: Column 'user_id' cannot be null</span> in [/Users/kenwheeler/Sites/lookbook/webapp/cake/libs/model/datasources/dbo_source.php, line 684]
2011-01-08 11:56:02 Warning: Warning (512): <span style="color:Red;text-align:left"><b>SQL Error:</b> 1048: Column 'user_id' cannot be null</span> in [/Users/kenwheeler/Sites/lookbook/webapp/cake/libs/model/datasources/dbo_source.php, line 684]
2011-01-08 11:57:48 Warning: Warning (512): <span style="color:Red;text-align:left"><b>SQL Error:</b> 1048: Column 'product_name' cannot be null</span> in [/Users/kenwheeler/Sites/lookbook/webapp/cake/libs/model/datasources/dbo_source.php, line 684]
2011-01-08 12:00:30 Warning: Warning (512): <span style="color:Red;text-align:left"><b>SQL Error:</b> 1048: Column 'product_name' cannot be null</span> in [/Users/kenwheeler/Sites/lookbook/webapp/cake/libs/model/datasources/dbo_source.php, line 684]
2011-01-08 12:01:01 Warning: Warning (512): <span style="color:Red;text-align:left"><b>SQL Error:</b> 1048: Column 'product_name' cannot be null</span> in [/Users/kenwheeler/Sites/lookbook/webapp/cake/libs/model/datasources/dbo_source.php, line 684]
2011-01-08 12:02:16 Warning: Warning (512): <span style="color:Red;text-align:left"><b>SQL Error:</b> 1048: Column 'product_name' cannot be null</span> in [/Users/kenwheeler/Sites/lookbook/webapp/cake/libs/model/datasources/dbo_source.php, line 684]
2011-01-08 12:03:43 Warning: Warning (512): <span style="color:Red;text-align:left"><b>SQL Error:</b> 1048: Column 'product_name' cannot be null</span> in [/Users/kenwheeler/Sites/lookbook/webapp/cake/libs/model/datasources/dbo_source.php, line 684]
2011-01-08 12:10:17 Warning: Warning (512): <span style="color:Red;text-align:left"><b>SQL Error:</b> 1048: Column 'product_name' cannot be null</span> in [/Users/kenwheeler/Sites/lookbook/webapp/cake/libs/model/datasources/dbo_source.php, line 684]
2011-01-08 12:11:14 Warning: Warning (512): <span style="color:Red;text-align:left"><b>SQL Error:</b> 1048: Column 'product_name' cannot be null</span> in [/Users/kenwheeler/Sites/lookbook/webapp/cake/libs/model/datasources/dbo_source.php, line 684]
2011-01-08 12:11:24 Warning: Warning (512): <span style="color:Red;text-align:left"><b>SQL Error:</b> 1048: Column 'product_name' cannot be null</span> in [/Users/kenwheeler/Sites/lookbook/webapp/cake/libs/model/datasources/dbo_source.php, line 684]
2011-01-08 12:12:23 Warning: Warning (512): <span style="color:Red;text-align:left"><b>SQL Error:</b> 1048: Column 'product_name' cannot be null</span> in [/Users/kenwheeler/Sites/lookbook/webapp/cake/libs/model/datasources/dbo_source.php, line 684]
2011-01-08 12:12:34 Warning: Warning (512): <span style="color:Red;text-align:left"><b>SQL Error:</b> 1048: Column 'product_name' cannot be null</span> in [/Users/kenwheeler/Sites/lookbook/webapp/cake/libs/model/datasources/dbo_source.php, line 684]
2011-01-08 12:15:16 Warning: Warning (512): <span style="color:Red;text-align:left"><b>SQL Error:</b> 1048: Column 'product_name' cannot be null</span> in [/Users/kenwheeler/Sites/lookbook/webapp/cake/libs/model/datasources/dbo_source.php, line 684]
2011-01-08 12:15:17 Warning: Warning (512): <span style="color:Red;text-align:left"><b>SQL Error:</b> 1048: Column 'product_name' cannot be null</span> in [/Users/kenwheeler/Sites/lookbook/webapp/cake/libs/model/datasources/dbo_source.php, line 684]
2011-01-08 12:16:01 Warning: Warning (512): <span style="color:Red;text-align:left"><b>SQL Error:</b> 1048: Column 'product_name' cannot be null</span> in [/Users/kenwheeler/Sites/lookbook/webapp/cake/libs/model/datasources/dbo_source.php, line 684]
2011-01-08 12:16:26 Warning: Warning (512): <span style="color:Red;text-align:left"><b>SQL Error:</b> 1048: Column 'product_name' cannot be null</span> in [/Users/kenwheeler/Sites/lookbook/webapp/cake/libs/model/datasources/dbo_source.php, line 684]
2011-01-08 12:16:54 Warning: Warning (512): <span style="color:Red;text-align:left"><b>SQL Error:</b> 1048: Column 'product_name' cannot be null</span> in [/Users/kenwheeler/Sites/lookbook/webapp/cake/libs/model/datasources/dbo_source.php, line 684]
2011-01-08 12:16:58 Warning: Warning (512): <span style="color:Red;text-align:left"><b>SQL Error:</b> 1048: Column 'product_name' cannot be null</span> in [/Users/kenwheeler/Sites/lookbook/webapp/cake/libs/model/datasources/dbo_source.php, line 684]
2011-01-08 12:17:15 Warning: Warning (512): <span style="color:Red;text-align:left"><b>SQL Error:</b> 1048: Column 'product_name' cannot be null</span> in [/Users/kenwheeler/Sites/lookbook/webapp/cake/libs/model/datasources/dbo_source.php, line 684]
2011-01-08 12:20:23 Warning: Warning (512): <span style="color:Red;text-align:left"><b>SQL Error:</b> 1048: Column 'product_name' cannot be null</span> in [/Users/kenwheeler/Sites/lookbook/webapp/cake/libs/model/datasources/dbo_source.php, line 684]
2011-01-08 12:20:52 Warning: Warning (512): <span style="color:Red;text-align:left"><b>SQL Error:</b> 1048: Column 'product_name' cannot be null</span> in [/Users/kenwheeler/Sites/lookbook/webapp/cake/libs/model/datasources/dbo_source.php, line 684]
2011-01-08 12:26:00 Warning: Warning (512): <span style="color:Red;text-align:left"><b>SQL Error:</b> 1048: Column 'product_name' cannot be null</span> in [/Users/kenwheeler/Sites/lookbook/webapp/cake/libs/model/datasources/dbo_source.php, line 684]
2011-01-08 12:29:07 Warning: Warning (512): <span style="color:Red;text-align:left"><b>SQL Error:</b> 1048: Column 'product_name' cannot be null</span> in [/Users/kenwheeler/Sites/lookbook/webapp/cake/libs/model/datasources/dbo_source.php, line 684]
2011-01-08 12:30:23 Warning: Warning (512): <span style="color:Red;text-align:left"><b>SQL Error:</b> 1048: Column 'product_name' cannot be null</span> in [/Users/kenwheeler/Sites/lookbook/webapp/cake/libs/model/datasources/dbo_source.php, line 684]
2011-01-08 12:30:29 Warning: Warning (512): <span style="color:Red;text-align:left"><b>SQL Error:</b> 1048: Column 'product_name' cannot be null</span> in [/Users/kenwheeler/Sites/lookbook/webapp/cake/libs/model/datasources/dbo_source.php, line 684]
2011-01-08 12:33:57 Warning: Warning (512): <span style="color:Red;text-align:left"><b>SQL Error:</b> 1048: Column 'product_name' cannot be null</span> in [/Users/kenwheeler/Sites/lookbook/webapp/cake/libs/model/datasources/dbo_source.php, line 684]
2011-01-08 12:34:19 Warning: Warning (512): <span style="color:Red;text-align:left"><b>SQL Error:</b> 1048: Column 'product_name' cannot be null</span> in [/Users/kenwheeler/Sites/lookbook/webapp/cake/libs/model/datasources/dbo_source.php, line 684]
2011-01-08 12:34:58 Warning: Warning (512): <span style="color:Red;text-align:left"><b>SQL Error:</b> 1048: Column 'product_name' cannot be null</span> in [/Users/kenwheeler/Sites/lookbook/webapp/cake/libs/model/datasources/dbo_source.php, line 684]
2011-01-08 12:35:14 Warning: Warning (512): <span style="color:Red;text-align:left"><b>SQL Error:</b> 1048: Column 'product_name' cannot be null</span> in [/Users/kenwheeler/Sites/lookbook/webapp/cake/libs/model/datasources/dbo_source.php, line 684]
2011-01-08 14:40:59 Warning: Warning (2): explode() expects parameter 2 to be string, object given in [/Users/kenwheeler/Sites/lookbook/webapp/cake/libs/set.php, line 689]
2011-01-08 14:40:59 Warning: Warning (2): Invalid argument supplied for foreach() in [/Users/kenwheeler/Sites/lookbook/webapp/cake/libs/set.php, line 693]
2011-01-08 14:40:59 Warning: Warning (2): strlen() expects parameter 1 to be string, object given in [/Users/kenwheeler/Sites/lookbook/webapp/cake/libs/string.php, line 126]
2011-01-08 14:40:59 Warning: Warning (2): strpos() expects parameter 1 to be string, object given in [/Users/kenwheeler/Sites/lookbook/webapp/cake/libs/string.php, line 132]
2011-01-08 14:40:59 Warning: Warning (2): strpos() expects parameter 1 to be string, object given in [/Users/kenwheeler/Sites/lookbook/webapp/cake/libs/string.php, line 133]
2011-01-08 14:40:59 Warning: Warning (2): strpos() expects parameter 1 to be string, object given in [/Users/kenwheeler/Sites/lookbook/webapp/cake/libs/string.php, line 134]
2011-01-08 14:40:59 Warning: Warning (2): substr() expects parameter 1 to be string, object given in [/Users/kenwheeler/Sites/lookbook/webapp/cake/libs/string.php, line 142]
2011-01-09 12:37:51 Warning: Warning (2): Cannot modify header information - headers already sent by (output started at /Users/kenwheeler/Sites/lookbook/webapp/cake/basics.php:355) in [/Users/kenwheeler/Sites/lookbook/webapp/cake/libs/controller/controller.php, line 746]
2011-01-09 12:38:50 Warning: Warning (2): Cannot modify header information - headers already sent by (output started at /Users/kenwheeler/Sites/lookbook/webapp/cake/basics.php:355) in [/Users/kenwheeler/Sites/lookbook/webapp/cake/libs/controller/controller.php, line 746]
2011-01-09 12:38:58 Warning: Warning (2): Cannot modify header information - headers already sent by (output started at /Users/kenwheeler/Sites/lookbook/webapp/cake/basics.php:355) in [/Users/kenwheeler/Sites/lookbook/webapp/cake/libs/controller/controller.php, line 746]
2011-01-09 12:39:26 Warning: Warning (2): Cannot modify header information - headers already sent by (output started at /Users/kenwheeler/Sites/lookbook/webapp/cake/basics.php:355) in [/Users/kenwheeler/Sites/lookbook/webapp/cake/libs/controller/controller.php, line 746]
2011-01-09 12:39:56 Warning: Warning (2): Cannot modify header information - headers already sent by (output started at /Users/kenwheeler/Sites/lookbook/webapp/cake/basics.php:355) in [/Users/kenwheeler/Sites/lookbook/webapp/cake/libs/controller/controller.php, line 746]
2011-01-09 12:39:59 Warning: Warning (2): Cannot modify header information - headers already sent by (output started at /Users/kenwheeler/Sites/lookbook/webapp/cake/basics.php:355) in [/Users/kenwheeler/Sites/lookbook/webapp/cake/libs/controller/controller.php, line 746]
2011-01-09 14:37:55 Warning: Warning (2): Cannot modify header information - headers already sent by (output started at /Users/kenwheeler/Sites/lookbook/webapp/cake/libs/debugger.php:673) in [/Users/kenwheeler/Sites/lookbook/webapp/cake/libs/controller/controller.php, line 746]
2011-01-09 14:37:56 Warning: Warning (2): Cannot modify header information - headers already sent by (output started at /Users/kenwheeler/Sites/lookbook/webapp/cake/libs/debugger.php:673) in [/Users/kenwheeler/Sites/lookbook/webapp/cake/libs/controller/controller.php, line 746]
2011-01-09 14:37:57 Warning: Warning (2): Cannot modify header information - headers already sent by (output started at /Users/kenwheeler/Sites/lookbook/webapp/cake/libs/debugger.php:673) in [/Users/kenwheeler/Sites/lookbook/webapp/cake/libs/controller/controller.php, line 746]
2011-01-09 14:37:58 Warning: Warning (2): Cannot modify header information - headers already sent by (output started at /Users/kenwheeler/Sites/lookbook/webapp/cake/libs/debugger.php:673) in [/Users/kenwheeler/Sites/lookbook/webapp/cake/libs/controller/controller.php, line 746]
2011-01-09 14:37:58 Warning: Warning (2): Cannot modify header information - headers already sent by (output started at /Users/kenwheeler/Sites/lookbook/webapp/cake/libs/debugger.php:673) in [/Users/kenwheeler/Sites/lookbook/webapp/cake/libs/controller/controller.php, line 746]
2011-01-09 19:06:57 Warning: Warning (2): Missing argument 1 for UsersController::view() in [/Users/kenwheeler/Sites/lookbook/webapp/app/controllers/users_controller.php, line 36]
2011-01-09 19:07:02 Warning: Warning (2): Missing argument 1 for UsersController::view() in [/Users/kenwheeler/Sites/lookbook/webapp/app/controllers/users_controller.php, line 36]
2011-01-09 19:07:06 Warning: Warning (2): Missing argument 1 for UsersController::view() in [/Users/kenwheeler/Sites/lookbook/webapp/app/controllers/users_controller.php, line 36]
2011-01-09 19:07:11 Warning: Warning (2): Missing argument 1 for UsersController::view() in [/Users/kenwheeler/Sites/lookbook/webapp/app/controllers/users_controller.php, line 36]
2011-01-09 19:19:34 Warning: Warning (2): Missing argument 1 for UsersController::view() in [/Users/kenwheeler/Sites/lookbook/webapp/app/controllers/users_controller.php, line 36]
2011-01-09 19:19:44 Warning: Warning (2): Missing argument 1 for UsersController::view() in [/Users/kenwheeler/Sites/lookbook/webapp/app/controllers/users_controller.php, line 36]
2011-01-09 19:20:34 Warning: Warning (2): Invalid argument supplied for foreach() in [/Users/kenwheeler/Sites/lookbook/webapp/app/config/routes.php, line 32]
2011-01-09 19:20:34 Warning: Warning (2): Cannot modify header information - headers already sent by (output started at /Users/kenwheeler/Sites/lookbook/webapp/cake/libs/debugger.php:673) in [/Users/kenwheeler/Sites/lookbook/webapp/cake/libs/controller/controller.php, line 746]
2011-01-09 19:43:30 Warning: Warning (2): Cannot modify header information - headers already sent by (output started at /Users/kenwheeler/Sites/lookbook/webapp/cake/libs/debugger.php:673) in [/Users/kenwheeler/Sites/lookbook/webapp/cake/libs/controller/controller.php, line 746]
2011-01-09 20:20:50 Warning: Warning (2): Cannot modify header information - headers already sent by (output started at /Users/kenwheeler/Sites/lookbook/webapp/app/libs/routes/slug_route.php:20) in [/Users/kenwheeler/Sites/lookbook/webapp/cake/libs/controller/controller.php, line 746]
2011-01-09 20:21:28 Warning: Warning (2): Missing argument 1 for UsersController::view() in [/Users/kenwheeler/Sites/lookbook/webapp/app/controllers/users_controller.php, line 36]
2011-01-09 20:21:57 Warning: Warning (2): Missing argument 1 for UsersController::view() in [/Users/kenwheeler/Sites/lookbook/webapp/app/controllers/users_controller.php, line 36]
2011-01-09 20:23:47 Warning: Warning (2): array_merge() [<a href='http://php.net/function.array-merge'>function.array-merge</a>]: Argument #1 is not an array in [/Users/kenwheeler/Sites/lookbook/webapp/cake/libs/router.php, line 486]
2011-01-09 20:23:50 Warning: Warning (2): array_merge() [<a href='http://php.net/function.array-merge'>function.array-merge</a>]: Argument #1 is not an array in [/Users/kenwheeler/Sites/lookbook/webapp/cake/libs/router.php, line 486]
2011-01-09 20:24:02 Warning: Warning (2): Missing argument 1 for UsersController::view() in [/Users/kenwheeler/Sites/lookbook/webapp/app/controllers/users_controller.php, line 36]
2011-01-09 20:24:07 Warning: Warning (2): array_merge() [<a href='http://php.net/function.array-merge'>function.array-merge</a>]: Argument #1 is not an array in [/Users/kenwheeler/Sites/lookbook/webapp/cake/libs/router.php, line 486]
2011-01-09 20:24:53 Warning: Warning (2): Missing argument 1 for UsersController::view() in [/Users/kenwheeler/Sites/lookbook/webapp/app/controllers/users_controller.php, line 36]
